12:10:20,940  INFO QuicksortMedianExample:114 - [3 5 9 3 4 11 8 6 20 13]
12:10:20,943  INFO QuicksortMedianExample:114 - [3 5 9 3 13 11 8 6 20 4]
12:10:20,943  INFO QuicksortMedianExample:114 - [3 3 9 5 13 11 8 6 20 4]
12:10:20,943  INFO QuicksortMedianExample:114 - [3 3 4 5 13 11 8 6 20 9]
12:10:20,946  INFO QuicksortMedianExample:46 - Pivot = [4], Partition = [2]
12:10:20,946  INFO QuicksortMedianExample:114 - [3 3 4 5 13 11 8 6 20 9]
12:10:20,947  INFO QuicksortMedianExample:114 - [3 3 4 5 13 11 8 6 20 9]
12:10:20,947  INFO QuicksortMedianExample:46 - Pivot = [3], Partition = [0]
12:10:20,947  INFO QuicksortMedianExample:114 - [3 3 4 5 13 11 9 6 20 8]
12:10:20,947  INFO QuicksortMedianExample:114 - [3 3 4 5 6 11 9 13 20 8]
12:10:20,947  INFO QuicksortMedianExample:114 - [3 3 4 5 6 8 9 13 20 11]
12:10:20,948  INFO QuicksortMedianExample:46 - Pivot = [8], Partition = [5]
12:10:20,948  INFO QuicksortMedianExample:114 - [3 3 6 5 4 8 9 13 20 11]
12:10:20,948  INFO QuicksortMedianExample:114 - [3 3 4 5 6 8 9 13 20 11]
12:10:20,948  INFO QuicksortMedianExample:46 - Pivot = [4], Partition = [2]
12:10:20,948  INFO QuicksortMedianExample:114 - [3 3 4 5 6 8 9 13 20 11]
12:10:20,951  INFO QuicksortMedianExample:114 - [3 3 4 5 6 8 9 13 20 11]
12:10:20,951  INFO QuicksortMedianExample:46 - Pivot = [3], Partition = [0]
12:10:20,951  INFO QuicksortMedianExample:114 - [3 3 4 6 5 8 9 13 20 11]
12:10:20,952  INFO QuicksortMedianExample:114 - [3 3 4 5 6 8 9 13 20 11]
12:10:20,952  INFO QuicksortMedianExample:46 - Pivot = [5], Partition = [3]
12:10:20,952  INFO QuicksortMedianExample:114 - [3 4 3 5 6 8 9 13 20 11]
12:10:20,952  INFO QuicksortMedianExample:114 - [3 4 3 5 6 8 9 13 20 11]
12:10:20,953  INFO QuicksortMedianExample:46 - Pivot = [3], Partition = [0]
12:10:20,953  INFO QuicksortMedianExample:114 - [3 3 4 5 6 8 9 13 20 11]
12:10:20,953  INFO QuicksortMedianExample:114 - [3 4 3 5 6 8 9 13 20 11]
12:10:20,953  INFO QuicksortMedianExample:114 - [3 3 4 5 6 8 9 13 20 11]
12:10:20,954  INFO QuicksortMedianExample:46 - Pivot = [3], Partition = [1]
12:10:20,954  INFO QuicksortMedianExample:114 - [3 3 4 5 6 8 9 11 20 13]
12:10:20,954  INFO QuicksortMedianExample:114 - [3 3 4 5 6 8 9 13 20 11]
12:10:20,954  INFO QuicksortMedianExample:114 - [3 3 4 5 6 8 9 11 20 13]
12:10:20,954  INFO QuicksortMedianExample:46 - Pivot = [11], Partition = [7]
12:10:20,955  INFO QuicksortMedianExample:114 - [3 3 4 9 6 8 5 11 20 13]
12:10:20,955  INFO QuicksortMedianExample:114 - [3 3 4 5 6 8 9 11 20 13]
12:10:20,955  INFO QuicksortMedianExample:46 - Pivot = [5], Partition = [3]
12:10:20,956  INFO QuicksortMedianExample:114 - [3 4 3 5 6 8 9 11 20 13]
12:10:20,956  INFO QuicksortMedianExample:114 - [3 4 3 5 6 8 9 11 20 13]
12:10:20,956  INFO QuicksortMedianExample:46 - Pivot = [3], Partition = [0]
12:10:20,957  INFO QuicksortMedianExample:114 - [3 3 4 5 6 8 9 11 20 13]
12:10:20,957  INFO QuicksortMedianExample:114 - [3 4 3 5 6 8 9 11 20 13]
12:10:20,957  INFO QuicksortMedianExample:114 - [3 3 4 5 6 8 9 11 20 13]
12:10:20,957  INFO QuicksortMedianExample:46 - Pivot = [3], Partition = [1]
12:10:20,957  INFO QuicksortMedianExample:114 - [3 3 4 5 6 9 8 11 20 13]
12:10:20,958  INFO QuicksortMedianExample:114 - [3 3 4 5 6 8 9 11 20 13]
12:10:20,958  INFO QuicksortMedianExample:46 - Pivot = [8], Partition = [5]
12:10:20,958  INFO QuicksortMedianExample:114 - [3 3 6 5 4 8 9 11 20 13]
12:10:20,958  INFO QuicksortMedianExample:114 - [3 3 4 5 6 8 9 11 20 13]
12:10:20,958  INFO QuicksortMedianExample:46 - Pivot = [4], Partition = [2]
12:10:20,959  INFO QuicksortMedianExample:114 - [3 3 4 5 6 8 9 11 20 13]
12:10:20,959  INFO QuicksortMedianExample:114 - [3 3 4 5 6 8 9 11 20 13]
12:10:20,959  INFO QuicksortMedianExample:46 - Pivot = [3], Partition = [0]
12:10:20,959  INFO QuicksortMedianExample:114 - [3 3 4 6 5 8 9 11 20 13]
12:10:20,959  INFO QuicksortMedianExample:114 - [3 3 4 5 6 8 9 11 20 13]
12:10:20,960  INFO QuicksortMedianExample:46 - Pivot = [5], Partition = [3]
12:10:20,960  INFO QuicksortMedianExample:114 - [3 4 3 5 6 8 9 11 20 13]
12:10:20,960  INFO QuicksortMedianExample:114 - [3 4 3 5 6 8 9 11 20 13]
12:10:20,960  INFO QuicksortMedianExample:46 - Pivot = [3], Partition = [0]
12:10:20,960  INFO QuicksortMedianExample:114 - [3 3 4 5 6 8 9 11 20 13]
12:10:20,961  INFO QuicksortMedianExample:114 - [3 4 3 5 6 8 9 11 20 13]
12:10:20,961  INFO QuicksortMedianExample:114 - [3 3 4 5 6 8 9 11 20 13]
12:10:20,961  INFO QuicksortMedianExample:46 - Pivot = [3], Partition = [1]
12:10:20,961  INFO QuicksortMedianExample:114 - [3 3 4 5 6 8 9 11 13 20]
12:10:20,961  INFO QuicksortMedianExample:114 - [3 3 4 5 6 8 9 11 20 13]
12:10:20,962  INFO QuicksortMedianExample:114 - [3 3 4 5 6 8 9 11 13 20]
12:10:20,962  INFO QuicksortMedianExample:46 - Pivot = [13], Partition = [8]
12:10:20,962  INFO QuicksortMedianExample:114 - [3 3 4 11 6 8 9 5 13 20]
12:10:20,962  INFO QuicksortMedianExample:114 - [3 3 4 5 6 8 9 11 13 20]
12:10:20,962  INFO QuicksortMedianExample:46 - Pivot = [5], Partition = [3]
12:10:20,962  INFO QuicksortMedianExample:114 - [3 4 3 5 6 8 9 11 13 20]
12:10:20,963  INFO QuicksortMedianExample:114 - [3 4 3 5 6 8 9 11 13 20]
12:10:20,963  INFO QuicksortMedianExample:46 - Pivot = [3], Partition = [0]
12:10:20,963  INFO QuicksortMedianExample:114 - [3 3 4 5 6 8 9 11 13 20]
12:10:20,963  INFO QuicksortMedianExample:114 - [3 4 3 5 6 8 9 11 13 20]
12:10:20,963  INFO QuicksortMedianExample:114 - [3 3 4 5 6 8 9 11 13 20]
12:10:20,964  INFO QuicksortMedianExample:46 - Pivot = [3], Partition = [1]
12:10:20,964  INFO QuicksortMedianExample:114 - [3 3 4 5 6 11 9 8 13 20]
12:10:20,965  INFO QuicksortMedianExample:114 - [3 3 4 5 6 8 9 11 13 20]
12:10:20,965  INFO QuicksortMedianExample:46 - Pivot = [8], Partition = [5]
12:10:20,965  INFO QuicksortMedianExample:114 - [3 3 6 5 4 8 9 11 13 20]
12:10:20,965  INFO QuicksortMedianExample:114 - [3 3 4 5 6 8 9 11 13 20]
12:10:20,965  INFO QuicksortMedianExample:46 - Pivot = [4], Partition = [2]
12:10:20,965  INFO QuicksortMedianExample:114 - [3 3 4 5 6 8 9 11 13 20]
12:10:20,965  INFO QuicksortMedianExample:114 - [3 3 4 5 6 8 9 11 13 20]
12:10:20,966  INFO QuicksortMedianExample:46 - Pivot = [3], Partition = [0]
12:10:20,966  INFO QuicksortMedianExample:114 - [3 3 4 6 5 8 9 11 13 20]
12:10:20,966  INFO QuicksortMedianExample:114 - [3 3 4 5 6 8 9 11 13 20]
12:10:20,966  INFO QuicksortMedianExample:46 - Pivot = [5], Partition = [3]
12:10:20,966  INFO QuicksortMedianExample:114 - [3 4 3 5 6 8 9 11 13 20]
12:10:20,966  INFO QuicksortMedianExample:114 - [3 4 3 5 6 8 9 11 13 20]
12:10:20,967  INFO QuicksortMedianExample:46 - Pivot = [3], Partition = [0]
12:10:20,967  INFO QuicksortMedianExample:114 - [3 3 4 5 6 8 9 11 13 20]
12:10:20,967  INFO QuicksortMedianExample:114 - [3 4 3 5 6 8 9 11 13 20]
12:10:20,967  INFO QuicksortMedianExample:114 - [3 3 4 5 6 8 9 11 13 20]
12:10:20,967  INFO QuicksortMedianExample:46 - Pivot = [3], Partition = [1]
12:10:20,967  INFO QuicksortMedianExample:114 - [3 3 4 5 6 8 11 9 13 20]
12:10:20,968  INFO QuicksortMedianExample:114 - [3 3 4 5 6 8 9 11 13 20]
12:10:20,968  INFO QuicksortMedianExample:46 - Pivot = [9], Partition = [6]
12:10:20,968  INFO QuicksortMedianExample:114 - [3 3 8 5 6 4 9 11 13 20]
12:10:20,968  INFO QuicksortMedianExample:114 - [3 3 4 5 6 8 9 11 13 20]
12:10:20,968  INFO QuicksortMedianExample:46 - Pivot = [4], Partition = [2]
12:10:20,968  INFO QuicksortMedianExample:114 - [3 3 4 5 6 8 9 11 13 20]
12:10:20,969  INFO QuicksortMedianExample:114 - [3 3 4 5 6 8 9 11 13 20]
12:10:20,969  INFO QuicksortMedianExample:46 - Pivot = [3], Partition = [0]
12:10:20,969  INFO QuicksortMedianExample:114 - [3 3 4 5 8 6 9 11 13 20]
12:10:20,969  INFO QuicksortMedianExample:114 - [3 3 4 5 6 8 9 11 13 20]
12:10:20,969  INFO QuicksortMedianExample:46 - Pivot = [6], Partition = [4]
12:10:20,969  INFO QuicksortMedianExample:114 - [3 5 4 3 6 8 9 11 13 20]
12:10:20,970  INFO QuicksortMedianExample:114 - [3 5 4 3 6 8 9 11 13 20]
12:10:20,970  INFO QuicksortMedianExample:46 - Pivot = [3], Partition = [0]
12:10:20,970  INFO QuicksortMedianExample:114 - [3 4 5 3 6 8 9 11 13 20]
12:10:20,970  INFO QuicksortMedianExample:114 - [3 3 5 4 6 8 9 11 13 20]
12:10:20,970  INFO QuicksortMedianExample:114 - [3 3 4 5 6 8 9 11 13 20]
12:10:20,970  INFO QuicksortMedianExample:114 - [3 3 5 4 6 8 9 11 13 20]
12:10:20,971  INFO QuicksortMedianExample:114 - [3 3 4 5 6 8 9 11 13 20]
12:10:20,971  INFO QuicksortMedianExample:46 - Pivot = [4], Partition = [2]
12:10:20,971  INFO QuicksortMedianExample:114 - [3 3 4 5 6 8 9 11 13 20]
12:10:20,971  INFO QuicksortMedianExample:114 - [3 3 4 5 6 8 9 11 13 20]
12:10:20,971  INFO QuicksortMedianExample:46 - Pivot = [3], Partition = [0]
12:10:20,971  INFO QuicksortMedianExample:114 - [3 3 4 5 6 8 9 11 13 20]
12:15:43,735  INFO QuickSortApp:39 - a = 0, b = -2
